<?xml version="1.0" encoding="UTF-8"?>
<!-- Generated by org.testng.reporters.JUnitReportReporter -->
<testsuite hostname="DESKTOP-DIQCKTU" name="com.training.test.CreateTest2" tests="1" failures="0" timestamp="19 Mar 2016 21:27:32 GMT" time="17.026" errors="0">
  <testcase name="testCreateTest2" time="17.026" classname="com.training.test.CreateTest2"/>
</testsuite> <!-- com.training.test.CreateTest2 -->
